
********************************************************************************
                            Git Achievement Unlocked!                            

                                 Garage Inventor                                 
                      Used a custom alias for a Git command                      
********************************************************************************


********************************************************************************
                            Git Achievement Unlocked!                            

                         Apprentice Socialite (Level 1)                         
              pushed a branch to a remote repository using git push              
********************************************************************************


********************************************************************************
                            Git Achievement Unlocked!                            

                        Apprentice Stone Mason (Level 1)                        
   Added files to the index area for inclusion in the next commit with git add   
********************************************************************************


********************************************************************************
                            Git Achievement Unlocked!                            

                           Apprentice Author (Level 1)                           
                     Made 2^Level commits using git commit.                     
********************************************************************************


********************************************************************************
                            Git Achievement Unlocked!                            

                        Apprentice Stone Mason (Level 2)                        
   Added files to the index area for inclusion in the next commit with git add   
********************************************************************************

